
2014-07-07 02:10:59...Begin System Check Process *************
2014-07-07 02:10:59...XML Parsing Support Found
2014-07-07 02:10:59...MBString Support Found
2014-07-07 02:10:59...ZIP Support Found
2014-07-07 02:10:59.../custom directory and subdirectory check passed
2014-07-07 02:10:59...cache directory and subdirectory check passed
2014-07-07 02:10:59.../module  directory and subdirectory check passed
2014-07-07 02:10:59.../upload directory check passed
2014-07-07 02:10:59.../zip check passed
2014-07-07 02:10:59...PCRE version check passed
2014-07-07 02:10:59...installerHook: Could not find custom/install/install_hooks.php
2014-07-07 02:10:59...php.ini location found. /etc/php.ini
2014-07-07 02:10:59...Outputting HTML for System check
2014-07-07 02:10:59...No Errors were found *************
2014-07-07 02:11:02...installerHook: Could not find custom/install/install_hooks.php
2014-07-07 02:11:14...installerHook: Could not find custom/install/install_hooks.php
2014-07-07 02:11:17...installerHook: Could not find custom/install/install_hooks.php
2014-07-07 02:12:33...Begin DB Check Process *************
2014-07-07 02:12:33...testing with mysql:mysqli
2014-07-07 02:12:33...Basic form info is valid, continuing Process.
2014-07-07 02:12:33...Testing user account...
2014-07-07 02:12:33...ERROR::  The provided database host, username, and/or password is invalid, and a connection to the database could not be established.  Please enter a valid host, username and password
2014-07-07 02:12:33...Testing priviliged account...
2014-07-07 02:12:33...Connection made using  host: 127.0.0.1, usr: suger
2014-07-07 02:12:33...DB not selected, will create sugar
2014-07-07 02:12:33...ERROR:: Unable to check database version.
2014-07-07 02:12:33...FATAL:: errors have been detected!  User will not be allowed to continue.  Errors are as follow:
2014-07-07 02:12:33..... The provided database host, username, and/or password is invalid, and a connection to the database could not be established.  Please enter a valid host, username and password
2014-07-07 02:12:33..... Unable to check database version.
2014-07-07 02:12:33...End DB Check Process *************
2014-07-07 02:12:56...Begin DB Check Process *************
2014-07-07 02:12:56...testing with mysql:mysqli
2014-07-07 02:12:56...Basic form info is valid, continuing Process.
2014-07-07 02:12:56...Testing user account...
2014-07-07 02:12:56...ERROR::  The provided database host, username, and/or password is invalid, and a connection to the database could not be established.  Please enter a valid host, username and password
2014-07-07 02:12:56...Testing priviliged account...
2014-07-07 02:12:56...Connection made using  host: 127.0.0.1, usr: suger
2014-07-07 02:12:56...DB not selected, will create suger
2014-07-07 02:12:56...ERROR:: Unable to check database version.
2014-07-07 02:12:56...FATAL:: errors have been detected!  User will not be allowed to continue.  Errors are as follow:
2014-07-07 02:12:56..... The provided database host, username, and/or password is invalid, and a connection to the database could not be established.  Please enter a valid host, username and password
2014-07-07 02:12:56..... Unable to check database version.
2014-07-07 02:12:56...End DB Check Process *************
2014-07-07 02:13:23...Begin DB Check Process *************
2014-07-07 02:13:23...testing with mysql:mysqli
2014-07-07 02:13:23...Basic form info is valid, continuing Process.
2014-07-07 02:13:23...Testing user account...
2014-07-07 02:13:23...Connection made using  host: 127.0.0.1:2206, usr: suger
2014-07-07 02:13:23...Testing priviliged account...
2014-07-07 02:13:23...Connection made using  host: 127.0.0.1:2206, usr: suger
2014-07-07 02:13:23...ERROR:: The provided Database Name already exists.  You can<br>1.  hit the back button and choose a new database name <br>2.  click next and continue but all existing tables on this database will be dropped.  <strong>This means your tables and data will be blown away.</strong>
2014-07-07 02:13:23...Passed DB install check
2014-07-07 02:13:23...WARNING:: no errors detected, but DB tables will be dropped!, issuing warning to user
2014-07-07 02:13:23...End DB Check Process *************
2014-07-07 02:13:34...installerHook: Could not find custom/install/install_hooks.php
2014-07-07 02:16:41...installerHook: Could not find custom/install/install_hooks.php
2014-07-07 02:18:32...installerHook: Could not find custom/install/install_hooks.php
2014-07-07 02:25:42...installerHook: Could not find custom/install/install_hooks.php
2014-07-07 02:25:45...installerHook: Could not find custom/install/install_hooks.php
2014-07-07 02:26:14...installerHook: Could not find custom/install/install_hooks.php
2014-07-07 02:26:16...installerHook: Could not find custom/install/install_hooks.php
2014-07-07 02:27:24...installerHook: Could not find custom/install/install_hooks.php
2014-07-07 02:27:24...calling handleSugarConfig()
2014-07-07 02:27:24...calling handleLog4Php()
2014-07-07 02:27:24...calling handleHtaccess()
2014-07-07 02:27:24...calling handleDbCharsetCollation()
2014-07-07 02:27:24...looping through all the Beans and create their tables
2014-07-07 02:27:24...processing table acl_actions
2014-07-07 02:27:24...dropping table acl_actions
2014-07-07 02:27:24...creating table acl_actions
2014-07-07 02:27:24...creating Relationship Meta for ACLAction
2014-07-07 02:27:24...processing table acl_roles
2014-07-07 02:27:24...dropping table acl_roles
2014-07-07 02:27:24...creating table acl_roles
2014-07-07 02:27:24...creating Relationship Meta for ACLRole
2014-07-07 02:27:24...processing table relationships
2014-07-07 02:27:24...dropping table relationships
2014-07-07 02:27:25...creating table relationships
2014-07-07 02:27:25...creating Relationship Meta for Relationship
2014-07-07 02:27:25...processing table leads
2014-07-07 02:27:25...dropping table leads
2014-07-07 02:27:25...creating table leads
2014-07-07 02:27:25...creating Relationship Meta for Lead
2014-07-07 02:27:26...processing table cases
2014-07-07 02:27:26...dropping table cases
2014-07-07 02:27:26...creating table cases
2014-07-07 02:27:26...creating Relationship Meta for Case
2014-07-07 02:27:27...processing table bugs
2014-07-07 02:27:27...dropping table bugs
2014-07-07 02:27:27...creating table bugs
2014-07-07 02:27:27...creating Relationship Meta for Bug
2014-07-07 02:27:27...processing table users
2014-07-07 02:27:27...dropping table users
2014-07-07 02:27:28...creating table users
2014-07-07 02:27:28...creating Relationship Meta for User
2014-07-07 02:27:28...processing table campaign_log
2014-07-07 02:27:28...dropping table campaign_log
2014-07-07 02:27:28...creating table campaign_log
2014-07-07 02:27:28...creating Relationship Meta for CampaignLog
2014-07-07 02:27:28...processing table project
2014-07-07 02:27:28...dropping table project
2014-07-07 02:27:29...creating table project
2014-07-07 02:27:29...creating Relationship Meta for Project
2014-07-07 02:27:29...processing table project_task
2014-07-07 02:27:29...dropping table project_task
2014-07-07 02:27:30...creating table project_task
2014-07-07 02:27:30...creating Relationship Meta for ProjectTask
2014-07-07 02:27:30...processing table campaigns
2014-07-07 02:27:30...dropping table campaigns
2014-07-07 02:27:30...creating table campaigns
2014-07-07 02:27:30...creating Relationship Meta for Campaign
2014-07-07 02:27:31...processing table prospect_lists
2014-07-07 02:27:31...dropping table prospect_lists
2014-07-07 02:27:31...creating table prospect_lists
2014-07-07 02:27:31...creating Relationship Meta for ProspectList
2014-07-07 02:27:31...processing table prospects
2014-07-07 02:27:31...dropping table prospects
2014-07-07 02:27:32...creating table prospects
2014-07-07 02:27:32...creating Relationship Meta for Prospect
2014-07-07 02:27:32...processing table email_marketing
2014-07-07 02:27:32...dropping table email_marketing
2014-07-07 02:27:33...creating table email_marketing
2014-07-07 02:27:33...creating Relationship Meta for EmailMarketing
2014-07-07 02:27:33...processing table campaign_trkrs
2014-07-07 02:27:33...dropping table campaign_trkrs
2014-07-07 02:27:33...creating table campaign_trkrs
2014-07-07 02:27:33...creating Relationship Meta for CampaignTracker
2014-07-07 02:27:33...processing table releases
2014-07-07 02:27:33...dropping table releases
2014-07-07 02:27:33...creating table releases
2014-07-07 02:27:33...creating Relationship Meta for Release
2014-07-07 02:27:33...processing table emailman
2014-07-07 02:27:33...dropping table emailman
2014-07-07 02:27:33...creating table emailman
2014-07-07 02:27:33...creating Relationship Meta for EmailMan
2014-07-07 02:27:33...processing table schedulers
2014-07-07 02:27:33...dropping table schedulers
2014-07-07 02:27:33...creating table schedulers
2014-07-07 02:27:33...creating Relationship Meta for Scheduler
2014-07-07 02:27:33...processing table job_queue
2014-07-07 02:27:33...dropping table job_queue
2014-07-07 02:27:33...creating table job_queue
2014-07-07 02:27:33...creating Relationship Meta for SchedulersJob
2014-07-07 02:27:33...processing table contacts
2014-07-07 02:27:33...dropping table contacts
2014-07-07 02:27:34...creating table contacts
2014-07-07 02:27:34...creating Relationship Meta for Contact
2014-07-07 02:27:34...processing table accounts
2014-07-07 02:27:34...dropping table accounts
2014-07-07 02:27:35...creating table accounts
2014-07-07 02:27:35...creating Relationship Meta for Account
2014-07-07 02:27:36...processing table opportunities
2014-07-07 02:27:36...dropping table opportunities
2014-07-07 02:27:36...creating table opportunities
2014-07-07 02:27:36...creating Relationship Meta for Opportunity
2014-07-07 02:27:37...processing table email_templates
2014-07-07 02:27:37...dropping table email_templates
2014-07-07 02:27:37...creating table email_templates
2014-07-07 02:27:37...creating Relationship Meta for EmailTemplate
2014-07-07 02:27:37...processing table notes
2014-07-07 02:27:37...dropping table notes
2014-07-07 02:27:38...creating table notes
2014-07-07 02:27:38...creating Relationship Meta for Note
2014-07-07 02:27:38...processing table calls
2014-07-07 02:27:38...dropping table calls
2014-07-07 02:27:38...creating table calls
2014-07-07 02:27:38...creating Relationship Meta for Call
2014-07-07 02:27:38...processing table emails
2014-07-07 02:27:38...dropping table emails
2014-07-07 02:27:39...creating table emails
2014-07-07 02:27:39...creating Relationship Meta for Email
2014-07-07 02:27:39...processing table meetings
2014-07-07 02:27:39...dropping table meetings
2014-07-07 02:27:39...creating table meetings
2014-07-07 02:27:39...creating Relationship Meta for Meeting
2014-07-07 02:27:40...processing table tasks
2014-07-07 02:27:40...dropping table tasks
2014-07-07 02:27:40...creating table tasks
2014-07-07 02:27:40...creating Relationship Meta for Task
2014-07-07 02:27:40...processing table users
2014-07-07 02:27:40...processing table users
2014-07-07 02:27:40...processing table currencies
2014-07-07 02:27:40...dropping table currencies
2014-07-07 02:27:40...creating table currencies
2014-07-07 02:27:40...creating Relationship Meta for Currency
2014-07-07 02:27:40...processing table tracker
2014-07-07 02:27:40...dropping table tracker
2014-07-07 02:27:41...creating table tracker
2014-07-07 02:27:41...creating Relationship Meta for Tracker
2014-07-07 02:27:41...processing table import_maps
2014-07-07 02:27:41...dropping table import_maps
2014-07-07 02:27:41...creating table import_maps
2014-07-07 02:27:41...creating Relationship Meta for ImportMap
2014-07-07 02:27:41...processing table users_last_import
2014-07-07 02:27:41...dropping table users_last_import
2014-07-07 02:27:41...creating table users_last_import
2014-07-07 02:27:41...creating Relationship Meta for UsersLastImport
2014-07-07 02:27:41...processing table config
2014-07-07 02:27:41...dropping table config
2014-07-07 02:27:41...creating table config
2014-07-07 02:27:41...creating Relationship Meta for Administration
2014-07-07 02:27:41...processing table upgrade_history
2014-07-07 02:27:41...dropping table upgrade_history
2014-07-07 02:27:41...creating table upgrade_history
2014-07-07 02:27:41...creating Relationship Meta for UpgradeHistory
2014-07-07 02:27:41...processing table vcals
2014-07-07 02:27:41...dropping table vcals
2014-07-07 02:27:41...creating table vcals
2014-07-07 02:27:41...creating Relationship Meta for vCal
2014-07-07 02:27:41...processing table versions
2014-07-07 02:27:41...dropping table versions
2014-07-07 02:27:41...creating table versions
2014-07-07 02:27:41...creating Relationship Meta for Version
2014-07-07 02:27:41...processing table roles
2014-07-07 02:27:41...dropping table roles
2014-07-07 02:27:41...creating table roles
2014-07-07 02:27:41...creating Relationship Meta for Role
2014-07-07 02:27:41...processing table documents
2014-07-07 02:27:41...dropping table documents
2014-07-07 02:27:42...creating table documents
2014-07-07 02:27:42...creating Relationship Meta for Document
2014-07-07 02:27:42...processing table document_revisions
2014-07-07 02:27:42...dropping table document_revisions
2014-07-07 02:27:42...creating table document_revisions
2014-07-07 02:27:42...creating Relationship Meta for DocumentRevision
2014-07-07 02:27:42...processing table fields_meta_data
2014-07-07 02:27:42...dropping table fields_meta_data
2014-07-07 02:27:42...creating table fields_meta_data
2014-07-07 02:27:42...creating Relationship Meta for FieldsMetaData
2014-07-07 02:27:42...processing table inbound_email
2014-07-07 02:27:42...dropping table inbound_email
2014-07-07 02:27:42...creating table inbound_email
2014-07-07 02:27:42...creating Relationship Meta for InboundEmail
2014-07-07 02:27:42...processing table saved_search
2014-07-07 02:27:42...dropping table saved_search
2014-07-07 02:27:42...creating table saved_search
2014-07-07 02:27:42...creating Relationship Meta for SavedSearch
2014-07-07 02:27:42...processing table user_preferences
2014-07-07 02:27:42...dropping table user_preferences
2014-07-07 02:27:42...creating table user_preferences
2014-07-07 02:27:42...creating Relationship Meta for UserPreference
2014-07-07 02:27:42...processing table 
2014-07-07 02:27:42...processing table email_addresses
2014-07-07 02:27:42...dropping table email_addresses
2014-07-07 02:27:43...creating table email_addresses
2014-07-07 02:27:43...creating Relationship Meta for EmailAddress
2014-07-07 02:27:43...processing table emails_text
2014-07-07 02:27:43...dropping table emails_text
2014-07-07 02:27:43...creating table emails_text
2014-07-07 02:27:43...creating Relationship Meta for EmailText
2014-07-07 02:27:43...processing table sugarfeed
2014-07-07 02:27:43...dropping table sugarfeed
2014-07-07 02:27:43...creating table sugarfeed
2014-07-07 02:27:43...creating Relationship Meta for SugarFeed
2014-07-07 02:27:43...processing table eapm
2014-07-07 02:27:43...dropping table eapm
2014-07-07 02:27:43...creating table eapm
2014-07-07 02:27:43...creating Relationship Meta for EAPM
2014-07-07 02:27:43...processing table oauth_consumer
2014-07-07 02:27:43...dropping table oauth_consumer
2014-07-07 02:27:43...creating table oauth_consumer
2014-07-07 02:27:43...creating Relationship Meta for OAuthKey
2014-07-07 02:27:44...processing table oauth_tokens
2014-07-07 02:27:44...dropping table oauth_tokens
2014-07-07 02:27:44...creating table oauth_tokens
2014-07-07 02:27:44...creating Relationship Meta for OAuthToken
2014-07-07 02:27:51...Begin creating Defaults
2014-07-07 02:27:51...insert defaults into config table
2014-07-07 02:27:51...Creating default users
2014-07-07 02:27:51...Creating default scheduler jobs
2014-07-07 02:27:52...Enable SugarFeeds
2014-07-07 02:27:52...Enable InsideView Connector
2014-07-07 02:27:52...Creating FTS logic hook
2014-07-07 02:27:52...populating the db with seed data
2014-07-07 02:31:35...Installation has completed *********